# JRE version: OpenJDK Runtime Environment Temurin-21.0.6+7 (21.0.6+7) (build 21.0.6+7-LTS)
# Java VM: OpenJDK 64-Bit Server VM Temurin-21.0.6+7 (21.0.6+7-LTS, mixed mode, sharing, tiered, compressed oops, compressed class ptrs, parallel gc, windows-amd64)
GC Precious Log:
 CardTable entry size: 512
 CPUs: 8 total, 8 available
 Memory: 16118M
 Large Page Support: Disabled
 NUMA Support: Disabled
 Compressed Oops: Enabled (32-bit)
 Alignments: Space 512K, Generation 512K, Heap 2M
 Heap Min Capacity: 100M
 Heap Initial Capacity: 100M
 Heap Max Capacity: 1G
 Pre-touch: Disabled
 Parallel Workers: 8
Heap:
 PSYoungGen      total 23040K, used 10741K [0x00000000eab00000, 0x00000000ec680000, 0x0000000100000000)
  eden space 22016K, 45% used [0x00000000eab00000,0x00000000eb4c55d8,0x00000000ec080000)
  from space 1024K, 71% used [0x00000000ec580000,0x00000000ec638000,0x00000000ec680000)
  to   space 1024K, 0% used [0x00000000ec480000,0x00000000ec480000,0x00000000ec580000)
 ParOldGen       total 68608K, used 15716K [0x00000000c0000000, 0x00000000c4300000, 0x00000000eab00000)
  object space 68608K, 22% used [0x00000000c0000000,0x00000000c0f591a0,0x00000000c4300000)
 Metaspace       used 31584K, committed 32384K, reserved 1114112K
  class space    used 3188K, committed 3584K, reserved 1048576K
GC Heap History (20 events):
Event: 7.724 GC heap before
{Heap before GC invocations=4 (full 0):
 PSYoungGen      total 29696K, used 29675K [0x00000000eab00000, 0x00000000ecc00000, 0x0000000100000000)
  eden space 25600K, 100% used [0x00000000eab00000,0x00000000ec400000,0x00000000ec400000)
  from space 4096K, 99% used [0x00000000ec400000,0x00000000ec7fae10,0x00000000ec800000)
  to   space 4096K, 0% used [0x00000000ec800000,0x00000000ec800000,0x00000000ecc00000)
 ParOldGen       total 68608K, used 7335K [0x00000000c0000000, 0x00000000c4300000, 0x00000000eab00000)
  object space 68608K, 10% used [0x00000000c0000000,0x00000000c0729fb8,0x00000000c4300000)
 Metaspace       used 9814K, committed 10112K, reserved 1114112K
  class space    used 973K, committed 1088K, reserved 1048576K
}
Event: 7.731 GC heap after
{Heap after GC invocations=4 (full 0):
 PSYoungGen      total 29696K, used 4087K [0x00000000eab00000, 0x00000000ecc00000, 0x0000000100000000)
  eden space 25600K, 0% used [0x00000000eab00000,0x00000000eab00000,0x00000000ec400000)
  from space 4096K, 99% used [0x00000000ec800000,0x00000000ecbfdc38,0x00000000ecc00000)
  to   space 4096K, 0% used [0x00000000ec400000,0x00000000ec400000,0x00000000ec800000)
 ParOldGen       total 68608K, used 9695K [0x00000000c0000000, 0x00000000c4300000, 0x00000000eab00000)
  object space 68608K, 14% used [0x00000000c0000000,0x00000000c0977d28,0x00000000c4300000)
 Metaspace       used 9814K, committed 10112K, reserved 1114112K
  class space    used 973K, committed 1088K, reserved 1048576K
}
Event: 12.724 GC heap before
{Heap before GC invocations=5 (full 0):
 PSYoungGen      total 29696K, used 29653K [0x00000000eab00000, 0x00000000ecc00000, 0x0000000100000000)
  eden space 25600K, 99% used [0x00000000eab00000,0x00000000ec3f7b68,0x00000000ec400000)
  from space 4096K, 99% used [0x00000000ec800000,0x00000000ecbfdc38,0x00000000ecc00000)
  to   space 4096K, 0% used [0x00000000ec400000,0x00000000ec400000,0x00000000ec800000)
 ParOldGen       total 68608K, used 9695K [0x00000000c0000000, 0x00000000c4300000, 0x00000000eab00000)
  object space 68608K, 14% used [0x00000000c0000000,0x00000000c0977d28,0x00000000c4300000)
 Metaspace       used 12806K, committed 13184K, reserved 1114112K
  class space    used 1265K, committed 1408K, reserved 1048576K
}
Event: 12.730 GC heap after
{Heap after GC invocations=5 (full 0):
 PSYoungGen      total 29184K, used 4076K [0x00000000eab00000, 0x00000000ecf80000, 0x0000000100000000)
  eden space 25088K, 0% used [0x00000000eab00000,0x00000000eab00000,0x00000000ec380000)
  from space 4096K, 99% used [0x00000000ec400000,0x00000000ec7fb1f0,0x00000000ec800000)
  to   space 6144K, 0% used [0x00000000ec980000,0x00000000ec980000,0x00000000ecf80000)
 ParOldGen       total 68608K, used 11042K [0x00000000c0000000, 0x00000000c4300000, 0x00000000eab00000)
  object space 68608K, 16% used [0x00000000c0000000,0x00000000c0ac8870,0x00000000c4300000)
 Metaspace       used 12806K, committed 13184K, reserved 1114112K
  class space    used 1265K, committed 1408K, reserved 1048576K
}
Event: 13.791 GC heap before
{Heap before GC invocations=6 (full 0):
 PSYoungGen      total 29184K, used 29164K [0x00000000eab00000, 0x00000000ecf80000, 0x0000000100000000)
  eden space 25088K, 100% used [0x00000000eab00000,0x00000000ec380000,0x00000000ec380000)
  from space 4096K, 99% used [0x00000000ec400000,0x00000000ec7fb1f0,0x00000000ec800000)
  to   space 6144K, 0% used [0x00000000ec980000,0x00000000ec980000,0x00000000ecf80000)
 ParOldGen       total 68608K, used 11042K [0x00000000c0000000, 0x00000000c4300000, 0x00000000eab00000)
  object space 68608K, 16% used [0x00000000c0000000,0x00000000c0ac8870,0x00000000c4300000)
 Metaspace       used 16796K, committed 17408K, reserved 1114112K
  class space    used 1664K, committed 1920K, reserved 1048576K
}
Event: 13.798 GC heap after
{Heap after GC invocations=6 (full 0):
 PSYoungGen      total 30208K, used 5262K [0x00000000eab00000, 0x00000000ecf00000, 0x0000000100000000)
  eden space 24576K, 0% used [0x00000000eab00000,0x00000000eab00000,0x00000000ec300000)
  from space 5632K, 93% used [0x00000000ec980000,0x00000000ecea3b58,0x00000000ecf00000)
  to   space 5632K, 0% used [0x00000000ec400000,0x00000000ec400000,0x00000000ec980000)
 ParOldGen       total 68608K, used 11050K [0x00000000c0000000, 0x00000000c4300000, 0x00000000eab00000)
  object space 68608K, 16% used [0x00000000c0000000,0x00000000c0aca870,0x00000000c4300000)
 Metaspace       used 16796K, committed 17408K, reserved 1114112K
  class space    used 1664K, committed 1920K, reserved 1048576K
}
Event: 14.748 GC heap before
{Heap before GC invocations=7 (full 0):
 PSYoungGen      total 30208K, used 29838K [0x00000000eab00000, 0x00000000ecf00000, 0x0000000100000000)
  eden space 24576K, 100% used [0x00000000eab00000,0x00000000ec300000,0x00000000ec300000)
  from space 5632K, 93% used [0x00000000ec980000,0x00000000ecea3b58,0x00000000ecf00000)
  to   space 5632K, 0% used [0x00000000ec400000,0x00000000ec400000,0x00000000ec980000)
 ParOldGen       total 68608K, used 11050K [0x00000000c0000000, 0x00000000c4300000, 0x00000000eab00000)
  object space 68608K, 16% used [0x00000000c0000000,0x00000000c0aca870,0x00000000c4300000)
 Metaspace       used 18954K, committed 19584K, reserved 1114112K
  class space    used 1896K, committed 2176K, reserved 1048576K
}
Event: 14.754 GC heap after
{Heap after GC invocations=7 (full 0):
 PSYoungGen      total 28672K, used 4558K [0x00000000eab00000, 0x00000000ecc80000, 0x0000000100000000)
  eden space 24064K, 0% used [0x00000000eab00000,0x00000000eab00000,0x00000000ec280000)
  from space 4608K, 98% used [0x00000000ec400000,0x00000000ec873888,0x00000000ec880000)
  to   space 4096K, 0% used [0x00000000ec880000,0x00000000ec880000,0x00000000ecc80000)
 ParOldGen       total 68608K, used 12115K [0x00000000c0000000, 0x00000000c4300000, 0x00000000eab00000)
  object space 68608K, 17% used [0x00000000c0000000,0x00000000c0bd4d28,0x00000000c4300000)
 Metaspace       used 18954K, committed 19584K, reserved 1114112K
  class space    used 1896K, committed 2176K, reserved 1048576K
}
Event: 15.126 GC heap before
{Heap before GC invocations=8 (full 0):
 PSYoungGen      total 28672K, used 27206K [0x00000000eab00000, 0x00000000ecc80000, 0x0000000100000000)
  eden space 24064K, 94% used [0x00000000eab00000,0x00000000ec11e110,0x00000000ec280000)
  from space 4608K, 98% used [0x00000000ec400000,0x00000000ec873888,0x00000000ec880000)
  to   space 4096K, 0% used [0x00000000ec880000,0x00000000ec880000,0x00000000ecc80000)
 ParOldGen       total 68608K, used 12115K [0x00000000c0000000, 0x00000000c4300000, 0x00000000eab00000)
  object space 68608K, 17% used [0x00000000c0000000,0x00000000c0bd4d28,0x00000000c4300000)
 Metaspace       used 20824K, committed 21504K, reserved 1114112K
  class space    used 2028K, committed 2368K, reserved 1048576K
}
Event: 15.130 GC heap after
{Heap after GC invocations=8 (full 0):
 PSYoungGen      total 28160K, used 4082K [0x00000000eab00000, 0x00000000ece80000, 0x0000000100000000)
  eden space 24064K, 0% used [0x00000000eab00000,0x00000000eab00000,0x00000000ec280000)
  from space 4096K, 99% used [0x00000000ec880000,0x00000000ecc7c9f8,0x00000000ecc80000)
  to   space 6144K, 0% used [0x00000000ec280000,0x00000000ec280000,0x00000000ec880000)
 ParOldGen       total 68608K, used 13521K [0x00000000c0000000, 0x00000000c4300000, 0x00000000eab00000)
  object space 68608K, 19% used [0x00000000c0000000,0x00000000c0d34760,0x00000000c4300000)
 Metaspace       used 20824K, committed 21504K, reserved 1114112K
  class space    used 2028K, committed 2368K, reserved 1048576K
}
Event: 15.130 GC heap before
{Heap before GC invocations=9 (full 1):
 PSYoungGen      total 28160K, used 4082K [0x00000000eab00000, 0x00000000ece80000, 0x0000000100000000)
  eden space 24064K, 0% used [0x00000000eab00000,0x00000000eab00000,0x00000000ec280000)
  from space 4096K, 99% used [0x00000000ec880000,0x00000000ecc7c9f8,0x00000000ecc80000)
  to   space 6144K, 0% used [0x00000000ec280000,0x00000000ec280000,0x00000000ec880000)
 ParOldGen       total 68608K, used 13521K [0x00000000c0000000, 0x00000000c4300000, 0x00000000eab00000)
  object space 68608K, 19% used [0x00000000c0000000,0x00000000c0d34760,0x00000000c4300000)
 Metaspace       used 20824K, committed 21504K, reserved 1114112K
  class space    used 2028K, committed 2368K, reserved 1048576K
}
Event: 15.175 GC heap after
{Heap after GC invocations=9 (full 1):
 PSYoungGen      total 28160K, used 0K [0x00000000eab00000, 0x00000000ece80000, 0x0000000100000000)
  eden space 24064K, 0% used [0x00000000eab00000,0x00000000eab00000,0x00000000ec280000)
  from space 4096K, 0% used [0x00000000ec880000,0x00000000ec880000,0x00000000ecc80000)
  to   space 6144K, 0% used [0x00000000ec280000,0x00000000ec280000,0x00000000ec880000)
 ParOldGen       total 68608K, used 13007K [0x00000000c0000000, 0x00000000c4300000, 0x00000000eab00000)
  object space 68608K, 18% used [0x00000000c0000000,0x00000000c0cb3e88,0x00000000c4300000)
 Metaspace       used 20824K, committed 21504K, reserved 1114112K
  class space    used 2028K, committed 2368K, reserved 1048576K
}
Event: 15.669 GC heap before
{Heap before GC invocations=10 (full 1):
 PSYoungGen      total 28160K, used 24064K [0x00000000eab00000, 0x00000000ece80000, 0x0000000100000000)
  eden space 24064K, 100% used [0x00000000eab00000,0x00000000ec280000,0x00000000ec280000)
  from space 4096K, 0% used [0x00000000ec880000,0x00000000ec880000,0x00000000ecc80000)
  to   space 6144K, 0% used [0x00000000ec280000,0x00000000ec280000,0x00000000ec880000)
 ParOldGen       total 68608K, used 13007K [0x00000000c0000000, 0x00000000c4300000, 0x00000000eab00000)
  object space 68608K, 18% used [0x00000000c0000000,0x00000000c0cb3e88,0x00000000c4300000)
 Metaspace       used 24557K, committed 25408K, reserved 1114112K
  class space    used 2310K, committed 2688K, reserved 1048576K
}
Event: 15.670 GC heap after
{Heap after GC invocations=10 (full 1):
 PSYoungGen      total 24064K, used 368K [0x00000000eab00000, 0x00000000ec900000, 0x0000000100000000)
  eden space 23552K, 0% used [0x00000000eab00000,0x00000000eab00000,0x00000000ec200000)
  from space 512K, 71% used [0x00000000ec280000,0x00000000ec2dc0c0,0x00000000ec300000)
  to   space 2560K, 0% used [0x00000000ec680000,0x00000000ec680000,0x00000000ec900000)
 ParOldGen       total 68608K, used 13007K [0x00000000c0000000, 0x00000000c4300000, 0x00000000eab00000)
  object space 68608K, 18% used [0x00000000c0000000,0x00000000c0cb3e88,0x00000000c4300000)
 Metaspace       used 24557K, committed 25408K, reserved 1114112K
  class space    used 2310K, committed 2688K, reserved 1048576K
}
Event: 16.051 GC heap before
{Heap before GC invocations=11 (full 1):
 PSYoungGen      total 24064K, used 23915K [0x00000000eab00000, 0x00000000ec900000, 0x0000000100000000)
  eden space 23552K, 99% used [0x00000000eab00000,0x00000000ec1fed10,0x00000000ec200000)
  from space 512K, 71% used [0x00000000ec280000,0x00000000ec2dc0c0,0x00000000ec300000)
  to   space 2560K, 0% used [0x00000000ec680000,0x00000000ec680000,0x00000000ec900000)
 ParOldGen       total 68608K, used 13007K [0x00000000c0000000, 0x00000000c4300000, 0x00000000eab00000)
  object space 68608K, 18% used [0x00000000c0000000,0x00000000c0cb3e88,0x00000000c4300000)
 Metaspace       used 26205K, committed 26944K, reserved 1114112K
  class space    used 2484K, committed 2816K, reserved 1048576K
}
Event: 16.053 GC heap after
{Heap after GC invocations=11 (full 1):
 PSYoungGen      total 25600K, used 2376K [0x00000000eab00000, 0x00000000ec900000, 0x0000000100000000)
  eden space 23040K, 0% used [0x00000000eab00000,0x00000000eab00000,0x00000000ec180000)
  from space 2560K, 92% used [0x00000000ec680000,0x00000000ec8d22b0,0x00000000ec900000)
  to   space 3072K, 0% used [0x00000000ec300000,0x00000000ec300000,0x00000000ec600000)
 ParOldGen       total 68608K, used 13015K [0x00000000c0000000, 0x00000000c4300000, 0x00000000eab00000)
  object space 68608K, 18% used [0x00000000c0000000,0x00000000c0cb5e88,0x00000000c4300000)
 Metaspace       used 26205K, committed 26944K, reserved 1114112K
  class space    used 2484K, committed 2816K, reserved 1048576K
}
Event: 17.026 GC heap before
{Heap before GC invocations=12 (full 1):
 PSYoungGen      total 25600K, used 25412K [0x00000000eab00000, 0x00000000ec900000, 0x0000000100000000)
  eden space 23040K, 99% used [0x00000000eab00000,0x00000000ec17ef70,0x00000000ec180000)
  from space 2560K, 92% used [0x00000000ec680000,0x00000000ec8d22b0,0x00000000ec900000)
  to   space 3072K, 0% used [0x00000000ec300000,0x00000000ec300000,0x00000000ec600000)
 ParOldGen       total 68608K, used 13015K [0x00000000c0000000, 0x00000000c4300000, 0x00000000eab00000)
  object space 68608K, 18% used [0x00000000c0000000,0x00000000c0cb5e88,0x00000000c4300000)
 Metaspace       used 28301K, committed 29120K, reserved 1114112K
  class space    used 2786K, committed 3200K, reserved 1048576K
}
Event: 17.030 GC heap after
{Heap after GC invocations=12 (full 1):
 PSYoungGen      total 23552K, used 704K [0x00000000eab00000, 0x00000000ec700000, 0x0000000100000000)
  eden space 22528K, 0% used [0x00000000eab00000,0x00000000eab00000,0x00000000ec100000)
  from space 1024K, 68% used [0x00000000ec300000,0x00000000ec3b0000,0x00000000ec400000)
  to   space 1536K, 0% used [0x00000000ec580000,0x00000000ec580000,0x00000000ec700000)
 ParOldGen       total 68608K, used 15244K [0x00000000c0000000, 0x00000000c4300000, 0x00000000eab00000)
  object space 68608K, 22% used [0x00000000c0000000,0x00000000c0ee31a0,0x00000000c4300000)
 Metaspace       used 28301K, committed 29120K, reserved 1114112K
  class space    used 2786K, committed 3200K, reserved 1048576K
}
Event: 17.519 GC heap before
{Heap before GC invocations=13 (full 1):
 PSYoungGen      total 23552K, used 23232K [0x00000000eab00000, 0x00000000ec700000, 0x0000000100000000)
  eden space 22528K, 100% used [0x00000000eab00000,0x00000000ec100000,0x00000000ec100000)
  from space 1024K, 68% used [0x00000000ec300000,0x00000000ec3b0000,0x00000000ec400000)
  to   space 1536K, 0% used [0x00000000ec580000,0x00000000ec580000,0x00000000ec700000)
 ParOldGen       total 68608K, used 15244K [0x00000000c0000000, 0x00000000c4300000, 0x00000000eab00000)
  object space 68608K, 22% used [0x00000000c0000000,0x00000000c0ee31a0,0x00000000c4300000)
 Metaspace       used 30406K, committed 31232K, reserved 1114112K
  class space    used 3046K, committed 3456K, reserved 1048576K
}
Event: 17.521 GC heap after
{Heap after GC invocations=13 (full 1):
 PSYoungGen      total 23040K, used 736K [0x00000000eab00000, 0x00000000ec680000, 0x0000000100000000)
  eden space 22016K, 0% used [0x00000000eab00000,0x00000000eab00000,0x00000000ec080000)
  from space 1024K, 71% used [0x00000000ec580000,0x00000000ec638000,0x00000000ec680000)
  to   space 1024K, 0% used [0x00000000ec480000,0x00000000ec480000,0x00000000ec580000)
 ParOldGen       total 68608K, used 15716K [0x00000000c0000000, 0x00000000c4300000, 0x00000000eab00000)
  object space 68608K, 22% used [0x00000000c0000000,0x00000000c0f591a0,0x00000000c4300000)
 Metaspace       used 30406K, committed 31232K, reserved 1114112K
  class space    used 3046K, committed 3456K, reserved 1048576K
}

